SourceCode/Mobile_FinalProject/app/build/outputs/logs/manifest-merger-debug-report.txt
-- Merging decision tree log ---
manifest
ADDED from src\main\AndroidManifest.xml:2:1-107:12
	package
		ADDED from src\main\AndroidManifest.xml:3:5-27
		INJECTED from src\main\AndroidManifest.xml
		INJECTED from src\main\AndroidManifest.xml
	android:versionName
		ADDED from src\main\AndroidManifest.xml:7:5-30
		INJECTED from src\main\AndroidManifest.xml
		INJECTED from src\main\AndroidManifest.xml
	android:versionCode
		ADDED from src\main\AndroidManifest.xml:6:5-28
		INJECTED from src\main\AndroidManifest.xml
		INJECTED from src\main\AndroidManifest.xml
	xmlns:android
		ADDED from src\main\AndroidManifest.xml:2:11-69
	android:installLocation
		ADDED from src\main\AndroidManifest.xml:4:5-45
	android:theme
		ADDED from src\main\AndroidManifest.xml:5:5-52
uses-sdk
ADDED from src\main\AndroidManifest.xml:9:5-11:41
MERGED from [com.android.support:support-v4:23.4.0] AndroidManifest.xml:20:5-43
MERGED from [com.android.support:appcompat-v7:23.1.1] AndroidManifest.xml:20:5-43
MERGED from [com.android.support:support-v4:23.4.0] AndroidManifest.xml:20:5-43
	android:targetSdkVersion
		ADDED from src\main\AndroidManifest.xml:11:9-38
		INJECTED from src\main\AndroidManifest.xml
		INJECTED from src\main\AndroidManifest.xml
	android:minSdkVersion
		ADDED from src\main\AndroidManifest.xml:10:9-35
		INJECTED from src\main\AndroidManifest.xml
		INJECTED from src\main\AndroidManifest.xml
uses-feature#android.hardware.camera
ADDED from src\main\AndroidManifest.xml:13:5-60
	android:name
		ADDED from src\main\AndroidManifest.xml:13:19-57
supports-screens
ADDED from src\main\AndroidManifest.xml:15:5-20:40
	android:largeScreens
		ADDED from src\main\AndroidManifest.xml:17:9-36
	android:smallScreens
		ADDED from src\main\AndroidManifest.xml:19:9-36
	android:normalScreens
		ADDED from src\main\AndroidManifest.xml:18:9-37
	android:xlargeScreens
		ADDED from src\main\AndroidManifest.xml:20:9-37
	android:anyDensity
		ADDED from src\main\AndroidManifest.xml:16:9-34
uses-permission#android.permission.INTERNET
ADDED from src\main\AndroidManifest.xml:22:5-67
	android:name
		ADDED from src\main\AndroidManifest.xml:22:22-64
uses-permission#android.permission.CAMERA
ADDED from src\main\AndroidManifest.xml:23:5-65
	android:name
		ADDED from src\main\AndroidManifest.xml:23:22-62
uses-permission#android.permission.ACCESS_NETWORK_STATE
ADDED from src\main\AndroidManifest.xml:24:5-79
	android:name
		ADDED from src\main\AndroidManifest.xml:24:22-76
uses-permission#android.permission.WRITE_EXTERNAL_STORAGE
ADDED from src\main\AndroidManifest.xml:25:5-81
	android:name
		ADDED from src\main\AndroidManifest.xml:25:22-78
uses-feature#0x00020000
ADDED from src\main\AndroidManifest.xml:27:5-54
	android:glEsVersion
		ADDED from src\main\AndroidManifest.xml:27:19-51
uses-feature#android.hardware.camera.autofocus
ADDED from src\main\AndroidManifest.xml:28:5-30:36
	android:required
		ADDED from src\main\AndroidManifest.xml:30:9-33
	android:name
		ADDED from src\main\AndroidManifest.xml:29:9-57
uses-feature#android.hardware.camera.front
ADDED from src\main\AndroidManifest.xml:31:5-33:36
	android:required
		ADDED from src\main\AndroidManifest.xml:33:9-33
	android:name
		ADDED from src\main\AndroidManifest.xml:32:9-53
uses-feature#android.hardware.touchscreen
ADDED from src\main\AndroidManifest.xml:34:5-36:36
	android:required
		ADDED from src\main\AndroidManifest.xml:36:9-33
	android:name
		ADDED from src\main\AndroidManifest.xml:35:9-52
uses-feature#android.hardware.touchscreen.multitouch
ADDED from src\main\AndroidManifest.xml:37:5-39:36
	android:required
		ADDED from src\main\AndroidManifest.xml:39:9-33
	android:name
		ADDED from src\main\AndroidManifest.xml:38:9-63
uses-feature#android.hardware.touchscreen.multitouch.distinct
ADDED from src\main\AndroidManifest.xml:40:5-42:36
	android:required
		ADDED from src\main\AndroidManifest.xml:42:9-33
	android:name
		ADDED from src\main\AndroidManifest.xml:41:9-72
android:uses-permission#android.permission.READ_PHONE_STATE
ADDED from src\main\AndroidManifest.xml:44:5-83
	android:name
		ADDED from src\main\AndroidManifest.xml:44:30-80
android:uses-permission#android.permission.READ_EXTERNAL_STORAGE
ADDED from src\main\AndroidManifest.xml:45:5-88
	android:name
		ADDED from src\main\AndroidManifest.xml:45:30-85
application
ADDED from src\main\AndroidManifest.xml:47:5-105:19
MERGED from [com.android.support:support-v4:23.4.0] AndroidManifest.xml:22:5-20
MERGED from [com.android.support:appcompat-v7:23.1.1] AndroidManifest.xml:22:5-20
MERGED from [com.android.support:support-v4:23.4.0] AndroidManifest.xml:22:5-20
	android:label
		ADDED from src\main\AndroidManifest.xml:52:9-41
	android:debuggable
		ADDED from src\main\AndroidManifest.xml:49:9-35
	android:icon
		ADDED from src\main\AndroidManifest.xml:50:9-52
	android:banner
		ADDED from src\main\AndroidManifest.xml:48:9-46
	android:theme
		ADDED from src\main\AndroidManifest.xml:53:9-67
	android:isGame
		ADDED from src\main\AndroidManifest.xml:51:9-30
activity#com.AR.Video.MainActivity
ADDED from src\main\AndroidManifest.xml:54:9-72:20
	android:screenOrientation
		ADDED from src\main\AndroidManifest.xml:59:13-49
	android:label
		ADDED from src\main\AndroidManifest.xml:57:13-45
	android:launchMode
		ADDED from src\main\AndroidManifest.xml:58:13-44
	android:configChanges
		ADDED from src\main\AndroidManifest.xml:56:13-170
	android:name
		ADDED from src\main\AndroidManifest.xml:55:13-41
intent-filter#android.intent.action.MAIN+android.intent.category.LAUNCHER
ADDED from src\main\AndroidManifest.xml:60:13-64:29
action#android.intent.action.MAIN
ADDED from src\main\AndroidManifest.xml:61:17-69
	android:name
		ADDED from src\main\AndroidManifest.xml:61:25-66
category#android.intent.category.LAUNCHER
ADDED from src\main\AndroidManifest.xml:63:17-77
	android:name
		ADDED from src\main\AndroidManifest.xml:63:27-74
meta-data#unityplayer.UnityActivity
ADDED from src\main\AndroidManifest.xml:66:13-68:40
	android:value
		ADDED from src\main\AndroidManifest.xml:68:17-37
	android:name
		ADDED from src\main\AndroidManifest.xml:67:17-57
meta-data#unityplayer.ForwardNativeEventsToDalvik
ADDED from src\main\AndroidManifest.xml:69:13-71:41
	android:value
		ADDED from src\main\AndroidManifest.xml:71:17-38
	android:name
		ADDED from src\main\AndroidManifest.xml:70:17-71
activity#com.unity3d.player.VideoPlayer
ADDED from src\main\AndroidManifest.xml:73:9-77:52
	android:screenOrientation
		ADDED from src\main\AndroidManifest.xml:77:13-49
	android:label
		ADDED from src\main\AndroidManifest.xml:76:13-45
	android:configChanges
		ADDED from src\main\AndroidManifest.xml:75:13-170
	android:name
		ADDED from src\main\AndroidManifest.xml:74:13-58
uses-library#com.ti.s3d
ADDED from src\main\AndroidManifest.xml:83:9-85:40
	android:required
		ADDED from src\main\AndroidManifest.xml:85:13-37
	android:name
		ADDED from src\main\AndroidManifest.xml:84:13-38
uses-library#com.osterhoutgroup.api.ext
ADDED from src\main\AndroidManifest.xml:87:9-89:40
	android:required
		ADDED from src\main\AndroidManifest.xml:89:13-37
	android:name
		ADDED from src\main\AndroidManifest.xml:88:13-54
activity#com.AR.Video.UnityPlayerNativeActivity
ADDED from src\main\AndroidManifest.xml:91:9-63
	android:name
		ADDED from src\main\AndroidManifest.xml:91:19-60
activity#com.AR.Video.Main2Activity
ADDED from src\main\AndroidManifest.xml:92:9-51
	android:name
		ADDED from src\main\AndroidManifest.xml:92:19-48
activity#com.AR.Video.TopActivity
ADDED from src\main\AndroidManifest.xml:93:9-95:62
	android:configChanges
		ADDED from src\main\AndroidManifest.xml:95:13-59
	android:name
		ADDED from src\main\AndroidManifest.xml:94:13-40
activity#com.AR.Video.DetailActivity
ADDED from src\main\AndroidManifest.xml:96:9-97:61
	android:configChanges
		ADDED from src\main\AndroidManifest.xml:97:13-59
	android:name
		ADDED from src\main\AndroidManifest.xml:96:19-49
activity#com.AR.Video.SecondActivity
ADDED from src\main\AndroidManifest.xml:98:9-99:62
	android:configChanges
		ADDED from src\main\AndroidManifest.xml:99:13-59
	android:name
		ADDED from src\main\AndroidManifest.xml:98:19-49
activity#com.AR.Video.SearchActivity
ADDED from src\main\AndroidManifest.xml:100:9-102:61
	android:configChanges
		ADDED from src\main\AndroidManifest.xml:102:13-59
	android:theme
		ADDED from src\main\AndroidManifest.xml:101:13-69
	android:name
		ADDED from src\main\AndroidManifest.xml:100:19-49
activity#com.AR.Video.PlayerActivity
ADDED from src\main\AndroidManifest.xml:103:9-104:52
	android:screenOrientation
		ADDED from src\main\AndroidManifest.xml:104:13-50
	android:name
		ADDED from src\main\AndroidManifest.xml:103:19-49